{"/home/michael/express_jobly/app.js": {"path":"/home/michael/express_jobly/app.js","statementMap":{"0":{"start":{"line":5,"column":16},"end":{"line":5,"column":34}},"1":{"start":{"line":6,"column":13},"end":{"line":6,"column":28}},"2":{"start":{"line":8,"column":26},"end":{"line":8,"column":51}},"3":{"start":{"line":10,"column":28},"end":{"line":10,"column":56}},"4":{"start":{"line":11,"column":19},"end":{"line":11,"column":43}},"5":{"start":{"line":12,"column":24},"end":{"line":12,"column":53}},"6":{"start":{"line":13,"column":20},"end":{"line":13,"column":45}},"7":{"start":{"line":14,"column":19},"end":{"line":14,"column":43}},"8":{"start":{"line":16,"column":15},"end":{"line":16,"column":32}},"9":{"start":{"line":18,"column":12},"end":{"line":18,"column":21}},"10":{"start":{"line":20,"column":0},"end":{"line":20,"column":16}},"11":{"start":{"line":21,"column":0},"end":{"line":21,"column":24}},"12":{"start":{"line":22,"column":0},"end":{"line":22,"column":24}},"13":{"start":{"line":23,"column":0},"end":{"line":23,"column":25}},"14":{"start":{"line":25,"column":0},"end":{"line":25,"column":29}},"15":{"start":{"line":26,"column":0},"end":{"line":26,"column":39}},"16":{"start":{"line":27,"column":0},"end":{"line":27,"column":31}},"17":{"start":{"line":28,"column":0},"end":{"line":28,"column":29}},"18":{"start":{"line":32,"column":0},"end":{"line":34,"column":3}},"19":{"start":{"line":33,"column":2},"end":{"line":33,"column":35}},"20":{"start":{"line":37,"column":0},"end":{"line":45,"column":3}},"21":{"start":{"line":38,"column":2},"end":{"line":38,"column":62}},"22":{"start":{"line":38,"column":39},"end":{"line":38,"column":62}},"23":{"start":{"line":39,"column":17},"end":{"line":39,"column":34}},"24":{"start":{"line":40,"column":18},"end":{"line":40,"column":29}},"25":{"start":{"line":42,"column":2},"end":{"line":44,"column":5}},"26":{"start":{"line":47,"column":0},"end":{"line":47,"column":21}}},"fnMap":{"0":{"name":"(anonymous_0)","decl":{"start":{"line":32,"column":8},"end":{"line":32,"column":9}},"loc":{"start":{"line":32,"column":34},"end":{"line":34,"column":1}},"line":32},"1":{"name":"(anonymous_1)","decl":{"start":{"line":37,"column":8},"end":{"line":37,"column":9}},"loc":{"start":{"line":37,"column":39},"end":{"line":45,"column":1}},"line":37}},"branchMap":{"0":{"loc":{"start":{"line":38,"column":2},"end":{"line":38,"column":62}},"type":"if","locations":[{"start":{"line":38,"column":2},"end":{"line":38,"column":62}},{"start":{},"end":{}}],"line":38},"1":{"loc":{"start":{"line":39,"column":17},"end":{"line":39,"column":34}},"type":"binary-expr","locations":[{"start":{"line":39,"column":17},"end":{"line":39,"column":27}},{"start":{"line":39,"column":31},"end":{"line":39,"column":34}}],"line":39}},"s":{"0":5,"1":5,"2":5,"3":5,"4":5,"5":5,"6":5,"7":5,"8":5,"9":5,"10":5,"11":5,"12":5,"13":5,"14":5,"15":5,"16":5,"17":5,"18":5,"19":2,"20":5,"21":54,"22":1,"23":54,"24":54,"25":54,"26":5},"f":{"0":2,"1":54},"b":{"0":[1,53],"1":[54,3]},"_coverageSchema":"1a1c01bbd47fc00a2c39e90264f33305004495a9","hash":"d4433b81e2f10c7e3984ee380bc769322c184ca3"}
,"/home/michael/express_jobly/config.js": {"path":"/home/michael/express_jobly/config.js","statementMap":{"0":{"start":{"line":5,"column":0},"end":{"line":5,"column":27}},"1":{"start":{"line":6,"column":0},"end":{"line":6,"column":18}},"2":{"start":{"line":8,"column":19},"end":{"line":8,"column":57}},"3":{"start":{"line":10,"column":13},"end":{"line":10,"column":38}},"4":{"start":{"line":14,"column":2},"end":{"line":16,"column":44}},"5":{"start":{"line":22,"column":27},"end":{"line":22,"column":67}},"6":{"start":{"line":24,"column":0},"end":{"line":24,"column":35}},"7":{"start":{"line":25,"column":0},"end":{"line":25,"column":46}},"8":{"start":{"line":26,"column":0},"end":{"line":26,"column":45}},"9":{"start":{"line":27,"column":0},"end":{"line":27,"column":61}},"10":{"start":{"line":28,"column":0},"end":{"line":28,"column":50}},"11":{"start":{"line":29,"column":0},"end":{"line":29,"column":19}},"12":{"start":{"line":31,"column":0},"end":{"line":36,"column":2}}},"fnMap":{"0":{"name":"getDatabaseUri","decl":{"start":{"line":13,"column":9},"end":{"line":13,"column":23}},"loc":{"start":{"line":13,"column":26},"end":{"line":17,"column":1}},"line":13}},"branchMap":{"0":{"loc":{"start":{"line":8,"column":19},"end":{"line":8,"column":57}},"type":"binary-expr","locations":[{"start":{"line":8,"column":19},"end":{"line":8,"column":41}},{"start":{"line":8,"column":45},"end":{"line":8,"column":57}}],"line":8},"1":{"loc":{"start":{"line":10,"column":13},"end":{"line":10,"column":38}},"type":"binary-expr","locations":[{"start":{"line":10,"column":13},"end":{"line":10,"column":30}},{"start":{"line":10,"column":34},"end":{"line":10,"column":38}}],"line":10},"2":{"loc":{"start":{"line":14,"column":9},"end":{"line":16,"column":43}},"type":"cond-expr","locations":[{"start":{"line":15,"column":8},"end":{"line":15,"column":20}},{"start":{"line":16,"column":8},"end":{"line":16,"column":43}}],"line":14},"3":{"loc":{"start":{"line":16,"column":8},"end":{"line":16,"column":43}},"type":"binary-expr","locations":[{"start":{"line":16,"column":8},"end":{"line":16,"column":32}},{"start":{"line":16,"column":36},"end":{"line":16,"column":43}}],"line":16},"4":{"loc":{"start":{"line":22,"column":27},"end":{"line":22,"column":67}},"type":"cond-expr","locations":[{"start":{"line":22,"column":61},"end":{"line":22,"column":62}},{"start":{"line":22,"column":65},"end":{"line":22,"column":67}}],"line":22}},"s":{"0":11,"1":11,"2":11,"3":11,"4":22,"5":11,"6":11,"7":11,"8":11,"9":11,"10":11,"11":11,"12":11},"f":{"0":22},"b":{"0":[11,10],"1":[11,10],"2":[19,3],"3":[3,1],"4":[10,1]},"_coverageSchema":"1a1c01bbd47fc00a2c39e90264f33305004495a9","hash":"5c8b099f5a1cd26e2181293e0035c5407d48d881"}
,"/home/michael/express_jobly/db.js": {"path":"/home/michael/express_jobly/db.js","statementMap":{"0":{"start":{"line":3,"column":19},"end":{"line":3,"column":32}},"1":{"start":{"line":4,"column":27},"end":{"line":4,"column":46}},"2":{"start":{"line":8,"column":0},"end":{"line":19,"column":1}},"3":{"start":{"line":9,"column":2},"end":{"line":14,"column":5}},"4":{"start":{"line":16,"column":2},"end":{"line":18,"column":5}},"5":{"start":{"line":21,"column":0},"end":{"line":21,"column":13}},"6":{"start":{"line":23,"column":0},"end":{"line":23,"column":20}}},"fnMap":{},"branchMap":{"0":{"loc":{"start":{"line":8,"column":0},"end":{"line":19,"column":1}},"type":"if","locations":[{"start":{"line":8,"column":0},"end":{"line":19,"column":1}},{"start":{"line":15,"column":7},"end":{"line":19,"column":1}}],"line":8}},"s":{"0":8,"1":8,"2":8,"3":0,"4":8,"5":8,"6":8},"f":{},"b":{"0":[0,8]},"_coverageSchema":"1a1c01bbd47fc00a2c39e90264f33305004495a9","hash":"35845c6f346a1795fb4f177df7e3702c582712ac"}
,"/home/michael/express_jobly/expressError.js": {"path":"/home/michael/express_jobly/expressError.js","statementMap":{"0":{"start":{"line":9,"column":4},"end":{"line":9,"column":12}},"1":{"start":{"line":10,"column":4},"end":{"line":10,"column":27}},"2":{"start":{"line":11,"column":4},"end":{"line":11,"column":25}},"3":{"start":{"line":19,"column":4},"end":{"line":19,"column":24}},"4":{"start":{"line":27,"column":4},"end":{"line":27,"column":24}},"5":{"start":{"line":35,"column":4},"end":{"line":35,"column":24}},"6":{"start":{"line":43,"column":4},"end":{"line":43,"column":24}},"7":{"start":{"line":47,"column":0},"end":{"line":53,"column":2}}},"fnMap":{"0":{"name":"(anonymous_0)","decl":{"start":{"line":8,"column":2},"end":{"line":8,"column":3}},"loc":{"start":{"line":8,"column":31},"end":{"line":12,"column":3}},"line":8},"1":{"name":"(anonymous_1)","decl":{"start":{"line":18,"column":2},"end":{"line":18,"column":3}},"loc":{"start":{"line":18,"column":37},"end":{"line":20,"column":3}},"line":18},"2":{"name":"(anonymous_2)","decl":{"start":{"line":26,"column":2},"end":{"line":26,"column":3}},"loc":{"start":{"line":26,"column":40},"end":{"line":28,"column":3}},"line":26},"3":{"name":"(anonymous_3)","decl":{"start":{"line":34,"column":2},"end":{"line":34,"column":3}},"loc":{"start":{"line":34,"column":39},"end":{"line":36,"column":3}},"line":34},"4":{"name":"(anonymous_4)","decl":{"start":{"line":42,"column":2},"end":{"line":42,"column":3}},"loc":{"start":{"line":42,"column":39},"end":{"line":44,"column":3}},"line":42}},"branchMap":{"0":{"loc":{"start":{"line":18,"column":14},"end":{"line":18,"column":35}},"type":"default-arg","locations":[{"start":{"line":18,"column":24},"end":{"line":18,"column":35}}],"line":18},"1":{"loc":{"start":{"line":26,"column":14},"end":{"line":26,"column":38}},"type":"default-arg","locations":[{"start":{"line":26,"column":24},"end":{"line":26,"column":38}}],"line":26},"2":{"loc":{"start":{"line":34,"column":14},"end":{"line":34,"column":37}},"type":"default-arg","locations":[{"start":{"line":34,"column":24},"end":{"line":34,"column":37}}],"line":34},"3":{"loc":{"start":{"line":42,"column":14},"end":{"line":42,"column":37}},"type":"default-arg","locations":[{"start":{"line":42,"column":24},"end":{"line":42,"column":37}}],"line":42}},"s":{"0":75,"1":75,"2":75,"3":23,"4":29,"5":23,"6":0,"7":10},"f":{"0":75,"1":23,"2":29,"3":23,"4":0},"b":{"0":[2],"1":[25],"2":[0],"3":[0]},"_coverageSchema":"1a1c01bbd47fc00a2c39e90264f33305004495a9","hash":"3ddfa151eab8d52f42f307d57a80564dc9ad8957"}
,"/home/michael/express_jobly/helpers/sql.js": {"path":"/home/michael/express_jobly/helpers/sql.js","statementMap":{"0":{"start":{"line":1,"column":28},"end":{"line":1,"column":54}},"1":{"start":{"line":22,"column":15},"end":{"line":22,"column":40}},"2":{"start":{"line":23,"column":2},"end":{"line":23,"column":62}},"3":{"start":{"line":23,"column":25},"end":{"line":23,"column":62}},"4":{"start":{"line":26,"column":15},"end":{"line":28,"column":3}},"5":{"start":{"line":27,"column":6},"end":{"line":27,"column":52}},"6":{"start":{"line":30,"column":2},"end":{"line":33,"column":4}},"7":{"start":{"line":36,"column":0},"end":{"line":36,"column":41}}},"fnMap":{"0":{"name":"sqlForPartialUpdate","decl":{"start":{"line":21,"column":9},"end":{"line":21,"column":28}},"loc":{"start":{"line":21,"column":52},"end":{"line":34,"column":1}},"line":21},"1":{"name":"(anonymous_1)","decl":{"start":{"line":26,"column":24},"end":{"line":26,"column":25}},"loc":{"start":{"line":27,"column":6},"end":{"line":27,"column":52}},"line":27}},"branchMap":{"0":{"loc":{"start":{"line":23,"column":2},"end":{"line":23,"column":62}},"type":"if","locations":[{"start":{"line":23,"column":2},"end":{"line":23,"column":62}},{"start":{},"end":{}}],"line":23},"1":{"loc":{"start":{"line":27,"column":10},"end":{"line":27,"column":37}},"type":"binary-expr","locations":[{"start":{"line":27,"column":10},"end":{"line":27,"column":26}},{"start":{"line":27,"column":30},"end":{"line":27,"column":37}}],"line":27}},"s":{"0":9,"1":20,"2":20,"3":3,"4":17,"5":32,"6":17,"7":9},"f":{"0":20,"1":32},"b":{"0":[3,17],"1":[32,19]},"_coverageSchema":"1a1c01bbd47fc00a2c39e90264f33305004495a9","hash":"1d6c22622f6a876d30af3e803d58d70c0b20e377"}
,"/home/michael/express_jobly/helpers/tokens.js": {"path":"/home/michael/express_jobly/helpers/tokens.js","statementMap":{"0":{"start":{"line":1,"column":12},"end":{"line":1,"column":35}},"1":{"start":{"line":2,"column":23},"end":{"line":2,"column":43}},"2":{"start":{"line":7,"column":2},"end":{"line":8,"column":58}},"3":{"start":{"line":10,"column":16},"end":{"line":13,"column":3}},"4":{"start":{"line":15,"column":2},"end":{"line":15,"column":39}},"5":{"start":{"line":18,"column":0},"end":{"line":18,"column":33}}},"fnMap":{"0":{"name":"createToken","decl":{"start":{"line":6,"column":9},"end":{"line":6,"column":20}},"loc":{"start":{"line":6,"column":27},"end":{"line":16,"column":1}},"line":6}},"branchMap":{"0":{"loc":{"start":{"line":12,"column":13},"end":{"line":12,"column":34}},"type":"binary-expr","locations":[{"start":{"line":12,"column":13},"end":{"line":12,"column":25}},{"start":{"line":12,"column":29},"end":{"line":12,"column":34}}],"line":12}},"s":{"0":6,"1":6,"2":19,"3":19,"4":19,"5":6},"f":{"0":19},"b":{"0":[19,13]},"_coverageSchema":"1a1c01bbd47fc00a2c39e90264f33305004495a9","hash":"b0677309b8e6d9489e7f05d9ba64c6d2d1da02d5"}
,"/home/michael/express_jobly/middleware/auth.js": {"path":"/home/michael/express_jobly/middleware/auth.js","statementMap":{"0":{"start":{"line":4,"column":12},"end":{"line":4,"column":35}},"1":{"start":{"line":5,"column":23},"end":{"line":5,"column":43}},"2":{"start":{"line":6,"column":30},"end":{"line":6,"column":56}},"3":{"start":{"line":18,"column":2},"end":{"line":27,"column":3}},"4":{"start":{"line":19,"column":23},"end":{"line":19,"column":63}},"5":{"start":{"line":20,"column":4},"end":{"line":23,"column":5}},"6":{"start":{"line":21,"column":20},"end":{"line":21,"column":64}},"7":{"start":{"line":22,"column":6},"end":{"line":22,"column":54}},"8":{"start":{"line":24,"column":4},"end":{"line":24,"column":18}},"9":{"start":{"line":26,"column":4},"end":{"line":26,"column":18}},"10":{"start":{"line":36,"column":2},"end":{"line":41,"column":3}},"11":{"start":{"line":37,"column":4},"end":{"line":37,"column":56}},"12":{"start":{"line":37,"column":26},"end":{"line":37,"column":56}},"13":{"start":{"line":38,"column":4},"end":{"line":38,"column":18}},"14":{"start":{"line":40,"column":4},"end":{"line":40,"column":21}},"15":{"start":{"line":50,"column":2},"end":{"line":56,"column":3}},"16":{"start":{"line":52,"column":4},"end":{"line":52,"column":84}},"17":{"start":{"line":52,"column":54},"end":{"line":52,"column":84}},"18":{"start":{"line":53,"column":4},"end":{"line":53,"column":18}},"19":{"start":{"line":55,"column":4},"end":{"line":55,"column":21}},"20":{"start":{"line":65,"column":2},"end":{"line":70,"column":3}},"21":{"start":{"line":66,"column":4},"end":{"line":66,"column":139}},"22":{"start":{"line":66,"column":109},"end":{"line":66,"column":139}},"23":{"start":{"line":67,"column":4},"end":{"line":67,"column":18}},"24":{"start":{"line":69,"column":4},"end":{"line":69,"column":21}},"25":{"start":{"line":73,"column":0},"end":{"line":78,"column":2}}},"fnMap":{"0":{"name":"authenticateJWT","decl":{"start":{"line":17,"column":9},"end":{"line":17,"column":24}},"loc":{"start":{"line":17,"column":41},"end":{"line":28,"column":1}},"line":17},"1":{"name":"ensureLoggedIn","decl":{"start":{"line":35,"column":9},"end":{"line":35,"column":23}},"loc":{"start":{"line":35,"column":40},"end":{"line":42,"column":1}},"line":35},"2":{"name":"ensureIsAdmin","decl":{"start":{"line":49,"column":9},"end":{"line":49,"column":22}},"loc":{"start":{"line":49,"column":39},"end":{"line":57,"column":1}},"line":49},"3":{"name":"ensureIsThisUserOrIsAdmin","decl":{"start":{"line":64,"column":10},"end":{"line":64,"column":35}},"loc":{"start":{"line":64,"column":52},"end":{"line":71,"column":1}},"line":64}},"branchMap":{"0":{"loc":{"start":{"line":19,"column":23},"end":{"line":19,"column":63}},"type":"binary-expr","locations":[{"start":{"line":19,"column":23},"end":{"line":19,"column":34}},{"start":{"line":19,"column":38},"end":{"line":19,"column":63}}],"line":19},"1":{"loc":{"start":{"line":20,"column":4},"end":{"line":23,"column":5}},"type":"if","locations":[{"start":{"line":20,"column":4},"end":{"line":23,"column":5}},{"start":{},"end":{}}],"line":20},"2":{"loc":{"start":{"line":37,"column":4},"end":{"line":37,"column":56}},"type":"if","locations":[{"start":{"line":37,"column":4},"end":{"line":37,"column":56}},{"start":{},"end":{}}],"line":37},"3":{"loc":{"start":{"line":52,"column":4},"end":{"line":52,"column":84}},"type":"if","locations":[{"start":{"line":52,"column":4},"end":{"line":52,"column":84}},{"start":{},"end":{}}],"line":52},"4":{"loc":{"start":{"line":52,"column":8},"end":{"line":52,"column":52}},"type":"binary-expr","locations":[{"start":{"line":52,"column":8},"end":{"line":52,"column":24}},{"start":{"line":52,"column":28},"end":{"line":52,"column":52}}],"line":52},"5":{"loc":{"start":{"line":66,"column":4},"end":{"line":66,"column":139}},"type":"if","locations":[{"start":{"line":66,"column":4},"end":{"line":66,"column":139}},{"start":{},"end":{}}],"line":66},"6":{"loc":{"start":{"line":66,"column":10},"end":{"line":66,"column":106}},"type":"binary-expr","locations":[{"start":{"line":66,"column":10},"end":{"line":66,"column":25}},{"start":{"line":66,"column":30},"end":{"line":66,"column":78}},{"start":{"line":66,"column":82},"end":{"line":66,"column":105}}],"line":66}},"s":{"0":6,"1":6,"2":6,"3":85,"4":85,"5":85,"6":53,"7":53,"8":84,"9":1,"10":2,"11":2,"12":1,"13":1,"14":1,"15":39,"16":39,"17":14,"18":25,"19":14,"20":26,"21":26,"22":10,"23":16,"24":10,"25":6},"f":{"0":85,"1":2,"2":39,"3":26},"b":{"0":[85,84],"1":[53,32],"2":[1,1],"3":[14,25],"4":[39,33],"5":[10,16],"6":[26,21,17]},"_coverageSchema":"1a1c01bbd47fc00a2c39e90264f33305004495a9","hash":"6225d48a7cb86343e475461569d7f4c5e936ba9d"}
,"/home/michael/express_jobly/models/_testCommon.js": {"path":"/home/michael/express_jobly/models/_testCommon.js","statementMap":{"0":{"start":{"line":1,"column":15},"end":{"line":1,"column":32}},"1":{"start":{"line":3,"column":11},"end":{"line":3,"column":30}},"2":{"start":{"line":4,"column":31},"end":{"line":4,"column":51}},"3":{"start":{"line":6,"column":19},"end":{"line":6,"column":21}},"4":{"start":{"line":10,"column":2},"end":{"line":10,"column":42}},"5":{"start":{"line":12,"column":2},"end":{"line":12,"column":38}},"6":{"start":{"line":14,"column":2},"end":{"line":18,"column":55}},"7":{"start":{"line":20,"column":2},"end":{"line":32,"column":9}},"8":{"start":{"line":35,"column":22},"end":{"line":41,"column":20}},"9":{"start":{"line":42,"column":6},"end":{"line":42,"column":66}},"10":{"start":{"line":42,"column":59},"end":{"line":42,"column":63}},"11":{"start":{"line":44,"column":2},"end":{"line":47,"column":23}},"12":{"start":{"line":52,"column":2},"end":{"line":52,"column":26}},"13":{"start":{"line":56,"column":2},"end":{"line":56,"column":29}},"14":{"start":{"line":60,"column":2},"end":{"line":60,"column":17}},"15":{"start":{"line":63,"column":0},"end":{"line":69,"column":2}}},"fnMap":{"0":{"name":"commonBeforeAll","decl":{"start":{"line":8,"column":15},"end":{"line":8,"column":30}},"loc":{"start":{"line":8,"column":33},"end":{"line":49,"column":1}},"line":8},"1":{"name":"(anonymous_1)","decl":{"start":{"line":42,"column":54},"end":{"line":42,"column":55}},"loc":{"start":{"line":42,"column":59},"end":{"line":42,"column":63}},"line":42},"2":{"name":"commonBeforeEach","decl":{"start":{"line":51,"column":15},"end":{"line":51,"column":31}},"loc":{"start":{"line":51,"column":34},"end":{"line":53,"column":1}},"line":51},"3":{"name":"commonAfterEach","decl":{"start":{"line":55,"column":15},"end":{"line":55,"column":30}},"loc":{"start":{"line":55,"column":33},"end":{"line":57,"column":1}},"line":55},"4":{"name":"commonAfterAll","decl":{"start":{"line":59,"column":15},"end":{"line":59,"column":29}},"loc":{"start":{"line":59,"column":32},"end":{"line":61,"column":1}},"line":59}},"branchMap":{},"s":{"0":3,"1":3,"2":3,"3":3,"4":3,"5":3,"6":3,"7":3,"8":3,"9":3,"10":12,"11":3,"12":50,"13":50,"14":3,"15":3},"f":{"0":3,"1":12,"2":50,"3":50,"4":3},"b":{},"_coverageSchema":"1a1c01bbd47fc00a2c39e90264f33305004495a9","hash":"4b873aabe8a9dda4ba9fa2efbcb40beed3048eca"}
,"/home/michael/express_jobly/models/company.js": {"path":"/home/michael/express_jobly/models/company.js","statementMap":{"0":{"start":{"line":3,"column":11},"end":{"line":3,"column":27}},"1":{"start":{"line":4,"column":43},"end":{"line":4,"column":69}},"2":{"start":{"line":5,"column":32},"end":{"line":5,"column":57}},"3":{"start":{"line":20,"column":27},"end":{"line":24,"column":17}},"4":{"start":{"line":26,"column":4},"end":{"line":27,"column":64}},"5":{"start":{"line":27,"column":6},"end":{"line":27,"column":64}},"6":{"start":{"line":29,"column":19},"end":{"line":41,"column":5}},"7":{"start":{"line":42,"column":20},"end":{"line":42,"column":34}},"8":{"start":{"line":44,"column":4},"end":{"line":44,"column":19}},"9":{"start":{"line":57,"column":10},"end":{"line":62,"column":27}},"10":{"start":{"line":63,"column":18},"end":{"line":63,"column":20}},"11":{"start":{"line":64,"column":19},"end":{"line":64,"column":21}},"12":{"start":{"line":66,"column":49},"end":{"line":66,"column":63}},"13":{"start":{"line":67,"column":4},"end":{"line":69,"column":5}},"14":{"start":{"line":68,"column":6},"end":{"line":68,"column":89}},"15":{"start":{"line":76,"column":4},"end":{"line":79,"column":5}},"16":{"start":{"line":77,"column":6},"end":{"line":77,"column":34}},"17":{"start":{"line":78,"column":6},"end":{"line":78,"column":59}},"18":{"start":{"line":81,"column":4},"end":{"line":84,"column":5}},"19":{"start":{"line":82,"column":6},"end":{"line":82,"column":34}},"20":{"start":{"line":83,"column":6},"end":{"line":83,"column":59}},"21":{"start":{"line":86,"column":4},"end":{"line":89,"column":5}},"22":{"start":{"line":87,"column":6},"end":{"line":87,"column":33}},"23":{"start":{"line":88,"column":6},"end":{"line":88,"column":53}},"24":{"start":{"line":91,"column":4},"end":{"line":93,"column":5}},"25":{"start":{"line":92,"column":6},"end":{"line":92,"column":55}},"26":{"start":{"line":95,"column":25},"end":{"line":95,"column":62}},"27":{"start":{"line":96,"column":4},"end":{"line":96,"column":29}},"28":{"start":{"line":108,"column":23},"end":{"line":116,"column":17}},"29":{"start":{"line":118,"column":20},"end":{"line":118,"column":38}},"30":{"start":{"line":120,"column":4},"end":{"line":120,"column":67}},"31":{"start":{"line":120,"column":18},"end":{"line":120,"column":67}},"32":{"start":{"line":123,"column":20},"end":{"line":128,"column":1}},"33":{"start":{"line":130,"column":0},"end":{"line":130,"column":28}},"34":{"start":{"line":132,"column":4},"end":{"line":132,"column":19}},"35":{"start":{"line":148,"column":32},"end":{"line":153,"column":10}},"36":{"start":{"line":154,"column":25},"end":{"line":154,"column":50}},"37":{"start":{"line":156,"column":21},"end":{"line":163,"column":54}},"38":{"start":{"line":164,"column":19},"end":{"line":164,"column":64}},"39":{"start":{"line":165,"column":20},"end":{"line":165,"column":34}},"40":{"start":{"line":167,"column":4},"end":{"line":167,"column":67}},"41":{"start":{"line":167,"column":18},"end":{"line":167,"column":67}},"42":{"start":{"line":169,"column":4},"end":{"line":169,"column":19}},"43":{"start":{"line":178,"column":19},"end":{"line":183,"column":17}},"44":{"start":{"line":184,"column":20},"end":{"line":184,"column":34}},"45":{"start":{"line":186,"column":4},"end":{"line":186,"column":67}},"46":{"start":{"line":186,"column":18},"end":{"line":186,"column":67}},"47":{"start":{"line":190,"column":0},"end":{"line":190,"column":25}}},"fnMap":{"0":{"name":"(anonymous_0)","decl":{"start":{"line":19,"column":2},"end":{"line":19,"column":3}},"loc":{"start":{"line":19,"column":76},"end":{"line":45,"column":3}},"line":19},"1":{"name":"(anonymous_1)","decl":{"start":{"line":55,"column":3},"end":{"line":55,"column":4}},"loc":{"start":{"line":55,"column":45},"end":{"line":97,"column":3}},"line":55},"2":{"name":"(anonymous_2)","decl":{"start":{"line":107,"column":2},"end":{"line":107,"column":3}},"loc":{"start":{"line":107,"column":27},"end":{"line":133,"column":3}},"line":107},"3":{"name":"(anonymous_3)","decl":{"start":{"line":147,"column":2},"end":{"line":147,"column":3}},"loc":{"start":{"line":147,"column":36},"end":{"line":170,"column":3}},"line":147},"4":{"name":"(anonymous_4)","decl":{"start":{"line":177,"column":2},"end":{"line":177,"column":3}},"loc":{"start":{"line":177,"column":30},"end":{"line":187,"column":3}},"line":177}},"branchMap":{"0":{"loc":{"start":{"line":26,"column":4},"end":{"line":27,"column":64}},"type":"if","locations":[{"start":{"line":26,"column":4},"end":{"line":27,"column":64}},{"start":{},"end":{}}],"line":26},"1":{"loc":{"start":{"line":55,"column":24},"end":{"line":55,"column":43}},"type":"default-arg","locations":[{"start":{"line":55,"column":41},"end":{"line":55,"column":43}}],"line":55},"2":{"loc":{"start":{"line":67,"column":4},"end":{"line":69,"column":5}},"type":"if","locations":[{"start":{"line":67,"column":4},"end":{"line":69,"column":5}},{"start":{},"end":{}}],"line":67},"3":{"loc":{"start":{"line":76,"column":4},"end":{"line":79,"column":5}},"type":"if","locations":[{"start":{"line":76,"column":4},"end":{"line":79,"column":5}},{"start":{},"end":{}}],"line":76},"4":{"loc":{"start":{"line":81,"column":4},"end":{"line":84,"column":5}},"type":"if","locations":[{"start":{"line":81,"column":4},"end":{"line":84,"column":5}},{"start":{},"end":{}}],"line":81},"5":{"loc":{"start":{"line":86,"column":4},"end":{"line":89,"column":5}},"type":"if","locations":[{"start":{"line":86,"column":4},"end":{"line":89,"column":5}},{"start":{},"end":{}}],"line":86},"6":{"loc":{"start":{"line":91,"column":4},"end":{"line":93,"column":5}},"type":"if","locations":[{"start":{"line":91,"column":4},"end":{"line":93,"column":5}},{"start":{},"end":{}}],"line":91},"7":{"loc":{"start":{"line":120,"column":4},"end":{"line":120,"column":67}},"type":"if","locations":[{"start":{"line":120,"column":4},"end":{"line":120,"column":67}},{"start":{},"end":{}}],"line":120},"8":{"loc":{"start":{"line":167,"column":4},"end":{"line":167,"column":67}},"type":"if","locations":[{"start":{"line":167,"column":4},"end":{"line":167,"column":67}},{"start":{},"end":{}}],"line":167},"9":{"loc":{"start":{"line":186,"column":4},"end":{"line":186,"column":67}},"type":"if","locations":[{"start":{"line":186,"column":4},"end":{"line":186,"column":67}},{"start":{},"end":{}}],"line":186}},"s":{"0":6,"1":6,"2":6,"3":16,"4":16,"5":1,"6":15,"7":15,"8":15,"9":16,"10":16,"11":16,"12":16,"13":16,"14":2,"15":14,"16":5,"17":5,"18":14,"19":4,"20":4,"21":14,"22":4,"23":4,"24":14,"25":11,"26":14,"27":13,"28":5,"29":5,"30":5,"31":2,"32":3,"33":3,"34":3,"35":6,"36":5,"37":5,"38":5,"39":5,"40":5,"41":2,"42":3,"43":4,"44":4,"45":4,"46":2,"47":6},"f":{"0":16,"1":16,"2":5,"3":6,"4":4},"b":{"0":[1,15],"1":[1],"2":[2,14],"3":[5,9],"4":[4,10],"5":[4,10],"6":[11,3],"7":[2,3],"8":[2,3],"9":[2,2]},"_coverageSchema":"1a1c01bbd47fc00a2c39e90264f33305004495a9","hash":"bb9ef55f4ed8c82d6e34483bb3a17872378b3f32"}
,"/home/michael/express_jobly/models/job.js": {"path":"/home/michael/express_jobly/models/job.js","statementMap":{"0":{"start":{"line":3,"column":11},"end":{"line":3,"column":27}},"1":{"start":{"line":4,"column":25},"end":{"line":4,"column":51}},"2":{"start":{"line":5,"column":32},"end":{"line":5,"column":57}},"3":{"start":{"line":20,"column":19},"end":{"line":32,"column":10}},"4":{"start":{"line":33,"column":20},"end":{"line":33,"column":34}},"5":{"start":{"line":35,"column":4},"end":{"line":35,"column":15}},"6":{"start":{"line":45,"column":16},"end":{"line":52,"column":76}},"7":{"start":{"line":53,"column":18},"end":{"line":53,"column":20}},"8":{"start":{"line":54,"column":19},"end":{"line":54,"column":21}},"9":{"start":{"line":61,"column":4},"end":{"line":64,"column":5}},"10":{"start":{"line":62,"column":8},"end":{"line":62,"column":33}},"11":{"start":{"line":63,"column":8},"end":{"line":63,"column":54}},"12":{"start":{"line":66,"column":4},"end":{"line":68,"column":5}},"13":{"start":{"line":67,"column":8},"end":{"line":67,"column":35}},"14":{"start":{"line":70,"column":4},"end":{"line":73,"column":5}},"15":{"start":{"line":71,"column":8},"end":{"line":71,"column":36}},"16":{"start":{"line":72,"column":8},"end":{"line":72,"column":56}},"17":{"start":{"line":75,"column":4},"end":{"line":77,"column":5}},"18":{"start":{"line":76,"column":8},"end":{"line":76,"column":51}},"19":{"start":{"line":79,"column":20},"end":{"line":79,"column":51}},"20":{"start":{"line":80,"column":4},"end":{"line":80,"column":24}},"21":{"start":{"line":88,"column":19},"end":{"line":95,"column":32}},"22":{"start":{"line":97,"column":16},"end":{"line":97,"column":30}},"23":{"start":{"line":99,"column":4},"end":{"line":99,"column":61}},"24":{"start":{"line":99,"column":14},"end":{"line":99,"column":61}},"25":{"start":{"line":101,"column":25},"end":{"line":108,"column":52}},"26":{"start":{"line":110,"column":4},"end":{"line":110,"column":30}},"27":{"start":{"line":111,"column":4},"end":{"line":111,"column":39}},"28":{"start":{"line":113,"column":4},"end":{"line":113,"column":15}},"29":{"start":{"line":121,"column":32},"end":{"line":123,"column":11}},"30":{"start":{"line":124,"column":21},"end":{"line":124,"column":46}},"31":{"start":{"line":126,"column":21},"end":{"line":133,"column":67}},"32":{"start":{"line":134,"column":19},"end":{"line":134,"column":60}},"33":{"start":{"line":135,"column":16},"end":{"line":135,"column":30}},"34":{"start":{"line":137,"column":4},"end":{"line":137,"column":55}},"35":{"start":{"line":137,"column":14},"end":{"line":137,"column":55}},"36":{"start":{"line":139,"column":4},"end":{"line":139,"column":15}},"37":{"start":{"line":146,"column":19},"end":{"line":151,"column":13}},"38":{"start":{"line":152,"column":16},"end":{"line":152,"column":30}},"39":{"start":{"line":154,"column":4},"end":{"line":154,"column":55}},"40":{"start":{"line":154,"column":14},"end":{"line":154,"column":55}},"41":{"start":{"line":158,"column":0},"end":{"line":158,"column":21}}},"fnMap":{"0":{"name":"(anonymous_0)","decl":{"start":{"line":19,"column":0},"end":{"line":19,"column":1}},"loc":{"start":{"line":19,"column":63},"end":{"line":36,"column":5}},"line":19},"1":{"name":"(anonymous_1)","decl":{"start":{"line":44,"column":4},"end":{"line":44,"column":5}},"loc":{"start":{"line":44,"column":63},"end":{"line":81,"column":5}},"line":44},"2":{"name":"(anonymous_2)","decl":{"start":{"line":87,"column":3},"end":{"line":87,"column":4}},"loc":{"start":{"line":87,"column":24},"end":{"line":114,"column":3}},"line":87},"3":{"name":"(anonymous_3)","decl":{"start":{"line":120,"column":3},"end":{"line":120,"column":4}},"loc":{"start":{"line":120,"column":33},"end":{"line":140,"column":3}},"line":120},"4":{"name":"(anonymous_4)","decl":{"start":{"line":145,"column":3},"end":{"line":145,"column":4}},"loc":{"start":{"line":145,"column":27},"end":{"line":155,"column":3}},"line":145}},"branchMap":{"0":{"loc":{"start":{"line":44,"column":25},"end":{"line":44,"column":61}},"type":"default-arg","locations":[{"start":{"line":44,"column":59},"end":{"line":44,"column":61}}],"line":44},"1":{"loc":{"start":{"line":61,"column":4},"end":{"line":64,"column":5}},"type":"if","locations":[{"start":{"line":61,"column":4},"end":{"line":64,"column":5}},{"start":{},"end":{}}],"line":61},"2":{"loc":{"start":{"line":66,"column":4},"end":{"line":68,"column":5}},"type":"if","locations":[{"start":{"line":66,"column":4},"end":{"line":68,"column":5}},{"start":{},"end":{}}],"line":66},"3":{"loc":{"start":{"line":70,"column":4},"end":{"line":73,"column":5}},"type":"if","locations":[{"start":{"line":70,"column":4},"end":{"line":73,"column":5}},{"start":{},"end":{}}],"line":70},"4":{"loc":{"start":{"line":75,"column":4},"end":{"line":77,"column":5}},"type":"if","locations":[{"start":{"line":75,"column":4},"end":{"line":77,"column":5}},{"start":{},"end":{}}],"line":75},"5":{"loc":{"start":{"line":99,"column":4},"end":{"line":99,"column":61}},"type":"if","locations":[{"start":{"line":99,"column":4},"end":{"line":99,"column":61}},{"start":{},"end":{}}],"line":99},"6":{"loc":{"start":{"line":137,"column":4},"end":{"line":137,"column":55}},"type":"if","locations":[{"start":{"line":137,"column":4},"end":{"line":137,"column":55}},{"start":{},"end":{}}],"line":137},"7":{"loc":{"start":{"line":154,"column":4},"end":{"line":154,"column":55}},"type":"if","locations":[{"start":{"line":154,"column":4},"end":{"line":154,"column":55}},{"start":{},"end":{}}],"line":154}},"s":{"0":6,"1":6,"2":6,"3":14,"4":14,"5":14,"6":7,"7":7,"8":7,"9":7,"10":2,"11":2,"12":7,"13":2,"14":7,"15":1,"16":1,"17":7,"18":4,"19":7,"20":6,"21":4,"22":4,"23":4,"24":2,"25":2,"26":2,"27":2,"28":2,"29":4,"30":3,"31":3,"32":3,"33":3,"34":3,"35":1,"36":2,"37":4,"38":4,"39":4,"40":2,"41":6},"f":{"0":14,"1":7,"2":4,"3":4,"4":4},"b":{"0":[1],"1":[2,5],"2":[2,5],"3":[1,6],"4":[4,3],"5":[2,2],"6":[1,2],"7":[2,2]},"_coverageSchema":"1a1c01bbd47fc00a2c39e90264f33305004495a9","hash":"741a1c2906f527250a201863754045242dac077f"}
,"/home/michael/express_jobly/models/user.js": {"path":"/home/michael/express_jobly/models/user.js","statementMap":{"0":{"start":{"line":3,"column":11},"end":{"line":3,"column":27}},"1":{"start":{"line":4,"column":15},"end":{"line":4,"column":32}},"2":{"start":{"line":5,"column":32},"end":{"line":5,"column":57}},"3":{"start":{"line":10,"column":4},"end":{"line":10,"column":30}},"4":{"start":{"line":12,"column":31},"end":{"line":12,"column":54}},"5":{"start":{"line":26,"column":19},"end":{"line":36,"column":5}},"6":{"start":{"line":38,"column":17},"end":{"line":38,"column":31}},"7":{"start":{"line":40,"column":4},"end":{"line":47,"column":5}},"8":{"start":{"line":42,"column":22},"end":{"line":42,"column":67}},"9":{"start":{"line":43,"column":6},"end":{"line":46,"column":7}},"10":{"start":{"line":44,"column":8},"end":{"line":44,"column":29}},"11":{"start":{"line":45,"column":8},"end":{"line":45,"column":20}},"12":{"start":{"line":49,"column":4},"end":{"line":49,"column":61}},"13":{"start":{"line":61,"column":27},"end":{"line":66,"column":5}},"14":{"start":{"line":68,"column":4},"end":{"line":70,"column":5}},"15":{"start":{"line":69,"column":6},"end":{"line":69,"column":67}},"16":{"start":{"line":72,"column":27},"end":{"line":72,"column":74}},"17":{"start":{"line":74,"column":19},"end":{"line":92,"column":5}},"18":{"start":{"line":94,"column":17},"end":{"line":94,"column":31}},"19":{"start":{"line":96,"column":4},"end":{"line":96,"column":16}},"20":{"start":{"line":105,"column":19},"end":{"line":113,"column":5}},"21":{"start":{"line":115,"column":4},"end":{"line":115,"column":23}},"22":{"start":{"line":127,"column":20},"end":{"line":136,"column":5}},"23":{"start":{"line":138,"column":17},"end":{"line":138,"column":32}},"24":{"start":{"line":140,"column":4},"end":{"line":140,"column":63}},"25":{"start":{"line":140,"column":15},"end":{"line":140,"column":63}},"26":{"start":{"line":143,"column":32},"end":{"line":146,"column":42}},"27":{"start":{"line":148,"column":0},"end":{"line":148,"column":64}},"28":{"start":{"line":148,"column":54},"end":{"line":148,"column":62}},"29":{"start":{"line":150,"column":4},"end":{"line":150,"column":16}},"30":{"start":{"line":171,"column":4},"end":{"line":173,"column":5}},"31":{"start":{"line":172,"column":6},"end":{"line":172,"column":75}},"32":{"start":{"line":175,"column":32},"end":{"line":181,"column":10}},"33":{"start":{"line":182,"column":27},"end":{"line":182,"column":52}},"34":{"start":{"line":184,"column":21},"end":{"line":191,"column":54}},"35":{"start":{"line":192,"column":19},"end":{"line":192,"column":66}},"36":{"start":{"line":193,"column":17},"end":{"line":193,"column":31}},"37":{"start":{"line":195,"column":4},"end":{"line":195,"column":63}},"38":{"start":{"line":195,"column":15},"end":{"line":195,"column":63}},"39":{"start":{"line":197,"column":4},"end":{"line":197,"column":25}},"40":{"start":{"line":198,"column":4},"end":{"line":198,"column":16}},"41":{"start":{"line":204,"column":17},"end":{"line":210,"column":5}},"42":{"start":{"line":211,"column":17},"end":{"line":211,"column":31}},"43":{"start":{"line":213,"column":4},"end":{"line":213,"column":63}},"44":{"start":{"line":213,"column":15},"end":{"line":213,"column":63}},"45":{"start":{"line":225,"column":24},"end":{"line":229,"column":16}},"46":{"start":{"line":230,"column":16},"end":{"line":230,"column":35}},"47":{"start":{"line":232,"column":4},"end":{"line":232,"column":103}},"48":{"start":{"line":232,"column":14},"end":{"line":232,"column":103}},"49":{"start":{"line":234,"column":25},"end":{"line":238,"column":19}},"50":{"start":{"line":239,"column":17},"end":{"line":239,"column":37}},"51":{"start":{"line":241,"column":4},"end":{"line":241,"column":110}},"52":{"start":{"line":241,"column":15},"end":{"line":241,"column":110}},"53":{"start":{"line":243,"column":4},"end":{"line":246,"column":27}},"54":{"start":{"line":251,"column":0},"end":{"line":251,"column":22}}},"fnMap":{"0":{"name":"(anonymous_0)","decl":{"start":{"line":24,"column":2},"end":{"line":24,"column":3}},"loc":{"start":{"line":24,"column":48},"end":{"line":50,"column":3}},"line":24},"1":{"name":"(anonymous_1)","decl":{"start":{"line":59,"column":2},"end":{"line":59,"column":3}},"loc":{"start":{"line":60,"column":67},"end":{"line":97,"column":3}},"line":60},"2":{"name":"(anonymous_2)","decl":{"start":{"line":104,"column":2},"end":{"line":104,"column":3}},"loc":{"start":{"line":104,"column":25},"end":{"line":116,"column":3}},"line":104},"3":{"name":"(anonymous_3)","decl":{"start":{"line":126,"column":2},"end":{"line":126,"column":3}},"loc":{"start":{"line":126,"column":29},"end":{"line":151,"column":3}},"line":126},"4":{"name":"(anonymous_4)","decl":{"start":{"line":148,"column":49},"end":{"line":148,"column":50}},"loc":{"start":{"line":148,"column":54},"end":{"line":148,"column":62}},"line":148},"5":{"name":"(anonymous_5)","decl":{"start":{"line":170,"column":2},"end":{"line":170,"column":3}},"loc":{"start":{"line":170,"column":38},"end":{"line":199,"column":3}},"line":170},"6":{"name":"(anonymous_6)","decl":{"start":{"line":203,"column":2},"end":{"line":203,"column":3}},"loc":{"start":{"line":203,"column":32},"end":{"line":214,"column":3}},"line":203},"7":{"name":"(anonymous_7)","decl":{"start":{"line":224,"column":3},"end":{"line":224,"column":4}},"loc":{"start":{"line":224,"column":45},"end":{"line":247,"column":3}},"line":224}},"branchMap":{"0":{"loc":{"start":{"line":40,"column":4},"end":{"line":47,"column":5}},"type":"if","locations":[{"start":{"line":40,"column":4},"end":{"line":47,"column":5}},{"start":{},"end":{}}],"line":40},"1":{"loc":{"start":{"line":43,"column":6},"end":{"line":46,"column":7}},"type":"if","locations":[{"start":{"line":43,"column":6},"end":{"line":46,"column":7}},{"start":{},"end":{}}],"line":43},"2":{"loc":{"start":{"line":68,"column":4},"end":{"line":70,"column":5}},"type":"if","locations":[{"start":{"line":68,"column":4},"end":{"line":70,"column":5}},{"start":{},"end":{}}],"line":68},"3":{"loc":{"start":{"line":140,"column":4},"end":{"line":140,"column":63}},"type":"if","locations":[{"start":{"line":140,"column":4},"end":{"line":140,"column":63}},{"start":{},"end":{}}],"line":140},"4":{"loc":{"start":{"line":171,"column":4},"end":{"line":173,"column":5}},"type":"if","locations":[{"start":{"line":171,"column":4},"end":{"line":173,"column":5}},{"start":{},"end":{}}],"line":171},"5":{"loc":{"start":{"line":195,"column":4},"end":{"line":195,"column":63}},"type":"if","locations":[{"start":{"line":195,"column":4},"end":{"line":195,"column":63}},{"start":{},"end":{}}],"line":195},"6":{"loc":{"start":{"line":213,"column":4},"end":{"line":213,"column":63}},"type":"if","locations":[{"start":{"line":213,"column":4},"end":{"line":213,"column":63}},{"start":{},"end":{}}],"line":213},"7":{"loc":{"start":{"line":232,"column":4},"end":{"line":232,"column":103}},"type":"if","locations":[{"start":{"line":232,"column":4},"end":{"line":232,"column":103}},{"start":{},"end":{}}],"line":232},"8":{"loc":{"start":{"line":241,"column":4},"end":{"line":241,"column":110}},"type":"if","locations":[{"start":{"line":241,"column":4},"end":{"line":241,"column":110}},{"start":{},"end":{}}],"line":241}},"s":{"0":6,"1":6,"2":6,"3":6,"4":6,"5":7,"6":7,"7":7,"8":4,"9":4,"10":3,"11":3,"12":4,"13":19,"14":19,"15":1,"16":18,"17":18,"18":18,"19":18,"20":3,"21":2,"22":4,"23":4,"24":4,"25":2,"26":2,"27":2,"28":2,"29":2,"30":8,"31":2,"32":8,"33":7,"34":7,"35":7,"36":7,"37":7,"38":2,"39":5,"40":5,"41":5,"42":5,"43":5,"44":2,"45":11,"46":11,"47":11,"48":2,"49":9,"50":9,"51":9,"52":2,"53":7,"54":6},"f":{"0":7,"1":19,"2":3,"3":4,"4":2,"5":8,"6":5,"7":11},"b":{"0":[4,3],"1":[3,1],"2":[1,18],"3":[2,2],"4":[2,6],"5":[2,5],"6":[2,3],"7":[2,9],"8":[2,7]},"_coverageSchema":"1a1c01bbd47fc00a2c39e90264f33305004495a9","hash":"c1f6fd0e34399edf8ce3266aaacf3c14168f789c"}
,"/home/michael/express_jobly/routes/_testCommon.js": {"path":"/home/michael/express_jobly/routes/_testCommon.js","statementMap":{"0":{"start":{"line":3,"column":11},"end":{"line":3,"column":30}},"1":{"start":{"line":4,"column":13},"end":{"line":4,"column":38}},"2":{"start":{"line":5,"column":16},"end":{"line":5,"column":44}},"3":{"start":{"line":6,"column":12},"end":{"line":6,"column":36}},"4":{"start":{"line":7,"column":24},"end":{"line":7,"column":52}},"5":{"start":{"line":8,"column":19},"end":{"line":8,"column":21}},"6":{"start":{"line":12,"column":2},"end":{"line":12,"column":38}},"7":{"start":{"line":14,"column":2},"end":{"line":14,"column":42}},"8":{"start":{"line":16,"column":2},"end":{"line":23,"column":9}},"9":{"start":{"line":24,"column":2},"end":{"line":31,"column":9}},"10":{"start":{"line":32,"column":2},"end":{"line":39,"column":9}},"11":{"start":{"line":41,"column":2},"end":{"line":48,"column":5}},"12":{"start":{"line":49,"column":2},"end":{"line":56,"column":5}},"13":{"start":{"line":57,"column":2},"end":{"line":64,"column":5}},"14":{"start":{"line":67,"column":2},"end":{"line":68,"column":73}},"15":{"start":{"line":69,"column":2},"end":{"line":70,"column":73}},"16":{"start":{"line":71,"column":2},"end":{"line":72,"column":76}},"17":{"start":{"line":74,"column":2},"end":{"line":74,"column":46}},"18":{"start":{"line":79,"column":2},"end":{"line":79,"column":26}},"19":{"start":{"line":83,"column":2},"end":{"line":83,"column":29}},"20":{"start":{"line":87,"column":2},"end":{"line":87,"column":17}},"21":{"start":{"line":90,"column":16},"end":{"line":90,"column":63}},"22":{"start":{"line":91,"column":16},"end":{"line":91,"column":63}},"23":{"start":{"line":92,"column":19},"end":{"line":92,"column":68}},"24":{"start":{"line":94,"column":0},"end":{"line":103,"column":2}}},"fnMap":{"0":{"name":"commonBeforeAll","decl":{"start":{"line":10,"column":15},"end":{"line":10,"column":30}},"loc":{"start":{"line":10,"column":33},"end":{"line":76,"column":1}},"line":10},"1":{"name":"commonBeforeEach","decl":{"start":{"line":78,"column":15},"end":{"line":78,"column":31}},"loc":{"start":{"line":78,"column":34},"end":{"line":80,"column":1}},"line":78},"2":{"name":"commonAfterEach","decl":{"start":{"line":82,"column":15},"end":{"line":82,"column":30}},"loc":{"start":{"line":82,"column":33},"end":{"line":84,"column":1}},"line":82},"3":{"name":"commonAfterAll","decl":{"start":{"line":86,"column":15},"end":{"line":86,"column":29}},"loc":{"start":{"line":86,"column":32},"end":{"line":88,"column":1}},"line":86}},"branchMap":{},"s":{"0":4,"1":4,"2":4,"3":4,"4":4,"5":4,"6":4,"7":4,"8":4,"9":4,"10":4,"11":4,"12":4,"13":4,"14":4,"15":4,"16":4,"17":4,"18":80,"19":80,"20":4,"21":4,"22":4,"23":4,"24":4},"f":{"0":4,"1":80,"2":80,"3":4},"b":{},"_coverageSchema":"1a1c01bbd47fc00a2c39e90264f33305004495a9","hash":"ff9df29d2405af54f4cae8bcd8e2bcfc8dbd26bb"}
,"/home/michael/express_jobly/routes/auth.js": {"path":"/home/michael/express_jobly/routes/auth.js","statementMap":{"0":{"start":{"line":5,"column":19},"end":{"line":5,"column":40}},"1":{"start":{"line":7,"column":13},"end":{"line":7,"column":38}},"2":{"start":{"line":8,"column":16},"end":{"line":8,"column":34}},"3":{"start":{"line":9,"column":15},"end":{"line":9,"column":35}},"4":{"start":{"line":10,"column":24},"end":{"line":10,"column":52}},"5":{"start":{"line":11,"column":23},"end":{"line":11,"column":58}},"6":{"start":{"line":12,"column":27},"end":{"line":12,"column":66}},"7":{"start":{"line":13,"column":28},"end":{"line":13,"column":54}},"8":{"start":{"line":22,"column":0},"end":{"line":37,"column":3}},"9":{"start":{"line":23,"column":2},"end":{"line":36,"column":3}},"10":{"start":{"line":24,"column":22},"end":{"line":24,"column":67}},"11":{"start":{"line":25,"column":4},"end":{"line":28,"column":5}},"12":{"start":{"line":26,"column":19},"end":{"line":26,"column":53}},"13":{"start":{"line":26,"column":45},"end":{"line":26,"column":52}},"14":{"start":{"line":27,"column":6},"end":{"line":27,"column":38}},"15":{"start":{"line":30,"column":35},"end":{"line":30,"column":43}},"16":{"start":{"line":31,"column":17},"end":{"line":31,"column":60}},"17":{"start":{"line":32,"column":18},"end":{"line":32,"column":35}},"18":{"start":{"line":33,"column":4},"end":{"line":33,"column":31}},"19":{"start":{"line":35,"column":4},"end":{"line":35,"column":21}},"20":{"start":{"line":48,"column":0},"end":{"line":62,"column":3}},"21":{"start":{"line":49,"column":2},"end":{"line":61,"column":3}},"22":{"start":{"line":50,"column":22},"end":{"line":50,"column":71}},"23":{"start":{"line":51,"column":4},"end":{"line":54,"column":5}},"24":{"start":{"line":52,"column":19},"end":{"line":52,"column":53}},"25":{"start":{"line":52,"column":45},"end":{"line":52,"column":52}},"26":{"start":{"line":53,"column":6},"end":{"line":53,"column":38}},"27":{"start":{"line":56,"column":20},"end":{"line":56,"column":72}},"28":{"start":{"line":57,"column":18},"end":{"line":57,"column":38}},"29":{"start":{"line":58,"column":4},"end":{"line":58,"column":43}},"30":{"start":{"line":60,"column":4},"end":{"line":60,"column":21}},"31":{"start":{"line":64,"column":0},"end":{"line":64,"column":24}}},"fnMap":{"0":{"name":"(anonymous_0)","decl":{"start":{"line":22,"column":22},"end":{"line":22,"column":23}},"loc":{"start":{"line":22,"column":54},"end":{"line":37,"column":1}},"line":22},"1":{"name":"(anonymous_1)","decl":{"start":{"line":26,"column":40},"end":{"line":26,"column":41}},"loc":{"start":{"line":26,"column":45},"end":{"line":26,"column":52}},"line":26},"2":{"name":"(anonymous_2)","decl":{"start":{"line":48,"column":25},"end":{"line":48,"column":26}},"loc":{"start":{"line":48,"column":57},"end":{"line":62,"column":1}},"line":48},"3":{"name":"(anonymous_3)","decl":{"start":{"line":52,"column":40},"end":{"line":52,"column":41}},"loc":{"start":{"line":52,"column":45},"end":{"line":52,"column":52}},"line":52}},"branchMap":{"0":{"loc":{"start":{"line":25,"column":4},"end":{"line":28,"column":5}},"type":"if","locations":[{"start":{"line":25,"column":4},"end":{"line":28,"column":5}},{"start":{},"end":{}}],"line":25},"1":{"loc":{"start":{"line":51,"column":4},"end":{"line":54,"column":5}},"type":"if","locations":[{"start":{"line":51,"column":4},"end":{"line":54,"column":5}},{"start":{},"end":{}}],"line":51}},"s":{"0":5,"1":5,"2":5,"3":5,"4":5,"5":5,"6":5,"7":5,"8":5,"9":5,"10":5,"11":5,"12":2,"13":2,"14":2,"15":3,"16":3,"17":1,"18":1,"19":4,"20":5,"21":3,"22":3,"23":3,"24":2,"25":5,"26":2,"27":1,"28":1,"29":1,"30":2,"31":5},"f":{"0":5,"1":2,"2":3,"3":5},"b":{"0":[2,3],"1":[2,1]},"_coverageSchema":"1a1c01bbd47fc00a2c39e90264f33305004495a9","hash":"f5471f973ba9a93acb67bd3d0342d199b7d56cfa"}
,"/home/michael/express_jobly/routes/companies.js": {"path":"/home/michael/express_jobly/routes/companies.js","statementMap":{"0":{"start":{"line":5,"column":19},"end":{"line":5,"column":40}},"1":{"start":{"line":6,"column":16},"end":{"line":6,"column":34}},"2":{"start":{"line":8,"column":28},"end":{"line":8,"column":54}},"3":{"start":{"line":9,"column":26},"end":{"line":9,"column":55}},"4":{"start":{"line":10,"column":16},"end":{"line":10,"column":44}},"5":{"start":{"line":12,"column":25},"end":{"line":12,"column":62}},"6":{"start":{"line":13,"column":28},"end":{"line":13,"column":68}},"7":{"start":{"line":15,"column":15},"end":{"line":15,"column":35}},"8":{"start":{"line":27,"column":0},"end":{"line":40,"column":3}},"9":{"start":{"line":28,"column":2},"end":{"line":39,"column":3}},"10":{"start":{"line":29,"column":22},"end":{"line":29,"column":69}},"11":{"start":{"line":30,"column":4},"end":{"line":33,"column":5}},"12":{"start":{"line":31,"column":19},"end":{"line":31,"column":53}},"13":{"start":{"line":31,"column":45},"end":{"line":31,"column":52}},"14":{"start":{"line":32,"column":6},"end":{"line":32,"column":38}},"15":{"start":{"line":35,"column":20},"end":{"line":35,"column":50}},"16":{"start":{"line":36,"column":4},"end":{"line":36,"column":45}},"17":{"start":{"line":38,"column":4},"end":{"line":38,"column":21}},"18":{"start":{"line":53,"column":0},"end":{"line":74,"column":3}},"19":{"start":{"line":59,"column":2},"end":{"line":73,"column":3}},"20":{"start":{"line":69,"column":22},"end":{"line":69,"column":54}},"21":{"start":{"line":70,"column":4},"end":{"line":70,"column":35}},"22":{"start":{"line":72,"column":4},"end":{"line":72,"column":21}},"23":{"start":{"line":84,"column":0},"end":{"line":91,"column":3}},"24":{"start":{"line":85,"column":2},"end":{"line":90,"column":3}},"25":{"start":{"line":86,"column":20},"end":{"line":86,"column":56}},"26":{"start":{"line":87,"column":4},"end":{"line":87,"column":33}},"27":{"start":{"line":89,"column":4},"end":{"line":89,"column":21}},"28":{"start":{"line":104,"column":0},"end":{"line":117,"column":3}},"29":{"start":{"line":105,"column":2},"end":{"line":116,"column":3}},"30":{"start":{"line":106,"column":22},"end":{"line":106,"column":72}},"31":{"start":{"line":107,"column":4},"end":{"line":110,"column":5}},"32":{"start":{"line":108,"column":19},"end":{"line":108,"column":53}},"33":{"start":{"line":108,"column":45},"end":{"line":108,"column":52}},"34":{"start":{"line":109,"column":6},"end":{"line":109,"column":38}},"35":{"start":{"line":112,"column":20},"end":{"line":112,"column":69}},"36":{"start":{"line":113,"column":4},"end":{"line":113,"column":33}},"37":{"start":{"line":115,"column":4},"end":{"line":115,"column":21}},"38":{"start":{"line":124,"column":0},"end":{"line":131,"column":3}},"39":{"start":{"line":125,"column":2},"end":{"line":130,"column":3}},"40":{"start":{"line":126,"column":4},"end":{"line":126,"column":44}},"41":{"start":{"line":127,"column":4},"end":{"line":127,"column":52}},"42":{"start":{"line":129,"column":4},"end":{"line":129,"column":21}},"43":{"start":{"line":133,"column":0},"end":{"line":133,"column":24}}},"fnMap":{"0":{"name":"(anonymous_0)","decl":{"start":{"line":27,"column":32},"end":{"line":27,"column":33}},"loc":{"start":{"line":27,"column":64},"end":{"line":40,"column":1}},"line":27},"1":{"name":"(anonymous_1)","decl":{"start":{"line":31,"column":40},"end":{"line":31,"column":41}},"loc":{"start":{"line":31,"column":45},"end":{"line":31,"column":52}},"line":31},"2":{"name":"(anonymous_2)","decl":{"start":{"line":53,"column":16},"end":{"line":53,"column":17}},"loc":{"start":{"line":53,"column":48},"end":{"line":74,"column":1}},"line":53},"3":{"name":"(anonymous_3)","decl":{"start":{"line":84,"column":23},"end":{"line":84,"column":24}},"loc":{"start":{"line":84,"column":55},"end":{"line":91,"column":1}},"line":84},"4":{"name":"(anonymous_4)","decl":{"start":{"line":104,"column":40},"end":{"line":104,"column":41}},"loc":{"start":{"line":104,"column":72},"end":{"line":117,"column":1}},"line":104},"5":{"name":"(anonymous_5)","decl":{"start":{"line":108,"column":40},"end":{"line":108,"column":41}},"loc":{"start":{"line":108,"column":45},"end":{"line":108,"column":52}},"line":108},"6":{"name":"(anonymous_6)","decl":{"start":{"line":124,"column":41},"end":{"line":124,"column":42}},"loc":{"start":{"line":124,"column":73},"end":{"line":131,"column":1}},"line":124}},"branchMap":{"0":{"loc":{"start":{"line":30,"column":4},"end":{"line":33,"column":5}},"type":"if","locations":[{"start":{"line":30,"column":4},"end":{"line":33,"column":5}},{"start":{},"end":{}}],"line":30},"1":{"loc":{"start":{"line":107,"column":4},"end":{"line":110,"column":5}},"type":"if","locations":[{"start":{"line":107,"column":4},"end":{"line":110,"column":5}},{"start":{},"end":{}}],"line":107}},"s":{"0":5,"1":5,"2":5,"3":5,"4":5,"5":5,"6":5,"7":5,"8":5,"9":3,"10":3,"11":3,"12":2,"13":3,"14":2,"15":1,"16":1,"17":2,"18":5,"19":7,"20":7,"21":5,"22":2,"23":5,"24":3,"25":3,"26":2,"27":1,"28":5,"29":4,"30":4,"31":4,"32":2,"33":2,"34":2,"35":2,"36":1,"37":3,"38":5,"39":2,"40":2,"41":1,"42":1,"43":5},"f":{"0":3,"1":3,"2":7,"3":3,"4":4,"5":2,"6":2},"b":{"0":[2,1],"1":[2,2]},"_coverageSchema":"1a1c01bbd47fc00a2c39e90264f33305004495a9","hash":"8f6570e7cf6bc97d68ba9fc8611aa7e825192330"}
,"/home/michael/express_jobly/routes/jobs.js": {"path":"/home/michael/express_jobly/routes/jobs.js","statementMap":{"0":{"start":{"line":9,"column":19},"end":{"line":9,"column":40}},"1":{"start":{"line":11,"column":16},"end":{"line":11,"column":34}},"2":{"start":{"line":12,"column":28},"end":{"line":12,"column":54}},"3":{"start":{"line":13,"column":26},"end":{"line":13,"column":55}},"4":{"start":{"line":14,"column":12},"end":{"line":14,"column":36}},"5":{"start":{"line":15,"column":21},"end":{"line":15,"column":54}},"6":{"start":{"line":16,"column":24},"end":{"line":16,"column":60}},"7":{"start":{"line":21,"column":15},"end":{"line":21,"column":31}},"8":{"start":{"line":25,"column":0},"end":{"line":38,"column":3}},"9":{"start":{"line":26,"column":2},"end":{"line":37,"column":3}},"10":{"start":{"line":27,"column":22},"end":{"line":27,"column":65}},"11":{"start":{"line":28,"column":4},"end":{"line":31,"column":5}},"12":{"start":{"line":29,"column":19},"end":{"line":29,"column":53}},"13":{"start":{"line":29,"column":45},"end":{"line":29,"column":52}},"14":{"start":{"line":30,"column":6},"end":{"line":30,"column":38}},"15":{"start":{"line":33,"column":16},"end":{"line":33,"column":42}},"16":{"start":{"line":34,"column":4},"end":{"line":34,"column":41}},"17":{"start":{"line":36,"column":4},"end":{"line":36,"column":21}},"18":{"start":{"line":46,"column":0},"end":{"line":53,"column":3}},"19":{"start":{"line":47,"column":0},"end":{"line":52,"column":1}},"20":{"start":{"line":48,"column":17},"end":{"line":48,"column":45}},"21":{"start":{"line":49,"column":4},"end":{"line":49,"column":30}},"22":{"start":{"line":51,"column":4},"end":{"line":51,"column":21}},"23":{"start":{"line":57,"column":0},"end":{"line":64,"column":3}},"24":{"start":{"line":58,"column":4},"end":{"line":63,"column":5}},"25":{"start":{"line":59,"column":18},"end":{"line":59,"column":46}},"26":{"start":{"line":60,"column":6},"end":{"line":60,"column":31}},"27":{"start":{"line":62,"column":6},"end":{"line":62,"column":23}},"28":{"start":{"line":68,"column":0},"end":{"line":80,"column":3}},"29":{"start":{"line":69,"column":0},"end":{"line":79,"column":1}},"30":{"start":{"line":70,"column":22},"end":{"line":70,"column":68}},"31":{"start":{"line":71,"column":4},"end":{"line":74,"column":5}},"32":{"start":{"line":72,"column":17},"end":{"line":72,"column":51}},"33":{"start":{"line":72,"column":43},"end":{"line":72,"column":50}},"34":{"start":{"line":73,"column":4},"end":{"line":73,"column":36}},"35":{"start":{"line":75,"column":16},"end":{"line":75,"column":57}},"36":{"start":{"line":76,"column":4},"end":{"line":76,"column":29}},"37":{"start":{"line":78,"column":4},"end":{"line":78,"column":21}},"38":{"start":{"line":86,"column":0},"end":{"line":93,"column":3}},"39":{"start":{"line":87,"column":0},"end":{"line":92,"column":1}},"40":{"start":{"line":88,"column":4},"end":{"line":88,"column":36}},"41":{"start":{"line":89,"column":4},"end":{"line":89,"column":49}},"42":{"start":{"line":91,"column":4},"end":{"line":91,"column":21}},"43":{"start":{"line":95,"column":0},"end":{"line":95,"column":24}}},"fnMap":{"0":{"name":"(anonymous_0)","decl":{"start":{"line":25,"column":32},"end":{"line":25,"column":33}},"loc":{"start":{"line":25,"column":64},"end":{"line":38,"column":1}},"line":25},"1":{"name":"(anonymous_1)","decl":{"start":{"line":29,"column":40},"end":{"line":29,"column":41}},"loc":{"start":{"line":29,"column":45},"end":{"line":29,"column":52}},"line":29},"2":{"name":"(anonymous_2)","decl":{"start":{"line":46,"column":16},"end":{"line":46,"column":17}},"loc":{"start":{"line":46,"column":48},"end":{"line":53,"column":1}},"line":46},"3":{"name":"(anonymous_3)","decl":{"start":{"line":57,"column":19},"end":{"line":57,"column":20}},"loc":{"start":{"line":57,"column":51},"end":{"line":64,"column":1}},"line":57},"4":{"name":"(anonymous_4)","decl":{"start":{"line":68,"column":36},"end":{"line":68,"column":37}},"loc":{"start":{"line":68,"column":68},"end":{"line":80,"column":1}},"line":68},"5":{"name":"(anonymous_5)","decl":{"start":{"line":72,"column":38},"end":{"line":72,"column":39}},"loc":{"start":{"line":72,"column":43},"end":{"line":72,"column":50}},"line":72},"6":{"name":"(anonymous_6)","decl":{"start":{"line":86,"column":37},"end":{"line":86,"column":38}},"loc":{"start":{"line":86,"column":69},"end":{"line":93,"column":1}},"line":86}},"branchMap":{"0":{"loc":{"start":{"line":28,"column":4},"end":{"line":31,"column":5}},"type":"if","locations":[{"start":{"line":28,"column":4},"end":{"line":31,"column":5}},{"start":{},"end":{}}],"line":28},"1":{"loc":{"start":{"line":71,"column":4},"end":{"line":74,"column":5}},"type":"if","locations":[{"start":{"line":71,"column":4},"end":{"line":74,"column":5}},{"start":{},"end":{}}],"line":71}},"s":{"0":5,"1":5,"2":5,"3":5,"4":5,"5":5,"6":5,"7":5,"8":5,"9":3,"10":3,"11":3,"12":2,"13":2,"14":2,"15":1,"16":1,"17":2,"18":5,"19":2,"20":2,"21":1,"22":1,"23":5,"24":2,"25":2,"26":1,"27":1,"28":5,"29":4,"30":4,"31":4,"32":3,"33":6,"34":3,"35":1,"36":1,"37":3,"38":5,"39":2,"40":2,"41":1,"42":1,"43":5},"f":{"0":3,"1":2,"2":2,"3":2,"4":4,"5":6,"6":2},"b":{"0":[2,1],"1":[3,1]},"_coverageSchema":"1a1c01bbd47fc00a2c39e90264f33305004495a9","hash":"4b4c50c56d0411d9d3200de5adb066dd115f5d11"}
,"/home/michael/express_jobly/routes/users.js": {"path":"/home/michael/express_jobly/routes/users.js","statementMap":{"0":{"start":{"line":5,"column":19},"end":{"line":5,"column":40}},"1":{"start":{"line":7,"column":16},"end":{"line":7,"column":34}},"2":{"start":{"line":8,"column":53},"end":{"line":8,"column":82}},"3":{"start":{"line":9,"column":28},"end":{"line":9,"column":54}},"4":{"start":{"line":10,"column":13},"end":{"line":10,"column":38}},"5":{"start":{"line":11,"column":24},"end":{"line":11,"column":52}},"6":{"start":{"line":12,"column":22},"end":{"line":12,"column":56}},"7":{"start":{"line":13,"column":25},"end":{"line":13,"column":62}},"8":{"start":{"line":15,"column":15},"end":{"line":15,"column":31}},"9":{"start":{"line":29,"column":0},"end":{"line":43,"column":3}},"10":{"start":{"line":30,"column":2},"end":{"line":42,"column":3}},"11":{"start":{"line":31,"column":22},"end":{"line":31,"column":66}},"12":{"start":{"line":32,"column":4},"end":{"line":35,"column":5}},"13":{"start":{"line":33,"column":19},"end":{"line":33,"column":53}},"14":{"start":{"line":33,"column":45},"end":{"line":33,"column":52}},"15":{"start":{"line":34,"column":6},"end":{"line":34,"column":38}},"16":{"start":{"line":37,"column":17},"end":{"line":37,"column":46}},"17":{"start":{"line":38,"column":18},"end":{"line":38,"column":35}},"18":{"start":{"line":39,"column":4},"end":{"line":39,"column":49}},"19":{"start":{"line":41,"column":4},"end":{"line":41,"column":21}},"20":{"start":{"line":52,"column":0},"end":{"line":59,"column":3}},"21":{"start":{"line":53,"column":2},"end":{"line":58,"column":3}},"22":{"start":{"line":54,"column":18},"end":{"line":54,"column":38}},"23":{"start":{"line":55,"column":4},"end":{"line":55,"column":31}},"24":{"start":{"line":57,"column":4},"end":{"line":57,"column":21}},"25":{"start":{"line":68,"column":0},"end":{"line":75,"column":3}},"26":{"start":{"line":69,"column":2},"end":{"line":74,"column":3}},"27":{"start":{"line":70,"column":17},"end":{"line":70,"column":52}},"28":{"start":{"line":71,"column":4},"end":{"line":71,"column":30}},"29":{"start":{"line":73,"column":4},"end":{"line":73,"column":21}},"30":{"start":{"line":87,"column":0},"end":{"line":100,"column":3}},"31":{"start":{"line":88,"column":2},"end":{"line":99,"column":3}},"32":{"start":{"line":89,"column":22},"end":{"line":89,"column":69}},"33":{"start":{"line":90,"column":4},"end":{"line":93,"column":5}},"34":{"start":{"line":91,"column":19},"end":{"line":91,"column":53}},"35":{"start":{"line":91,"column":45},"end":{"line":91,"column":52}},"36":{"start":{"line":92,"column":6},"end":{"line":92,"column":38}},"37":{"start":{"line":95,"column":17},"end":{"line":95,"column":65}},"38":{"start":{"line":96,"column":4},"end":{"line":96,"column":30}},"39":{"start":{"line":98,"column":4},"end":{"line":98,"column":21}},"40":{"start":{"line":107,"column":0},"end":{"line":114,"column":3}},"41":{"start":{"line":108,"column":2},"end":{"line":113,"column":3}},"42":{"start":{"line":109,"column":4},"end":{"line":109,"column":43}},"43":{"start":{"line":110,"column":4},"end":{"line":110,"column":54}},"44":{"start":{"line":112,"column":4},"end":{"line":112,"column":21}},"45":{"start":{"line":119,"column":1},"end":{"line":127,"column":3}},"46":{"start":{"line":120,"column":2},"end":{"line":126,"column":3}},"47":{"start":{"line":121,"column":18},"end":{"line":121,"column":32}},"48":{"start":{"line":122,"column":4},"end":{"line":122,"column":55}},"49":{"start":{"line":123,"column":4},"end":{"line":123,"column":40}},"50":{"start":{"line":125,"column":4},"end":{"line":125,"column":21}},"51":{"start":{"line":129,"column":0},"end":{"line":129,"column":24}}},"fnMap":{"0":{"name":"(anonymous_0)","decl":{"start":{"line":29,"column":32},"end":{"line":29,"column":33}},"loc":{"start":{"line":29,"column":64},"end":{"line":43,"column":1}},"line":29},"1":{"name":"(anonymous_1)","decl":{"start":{"line":33,"column":40},"end":{"line":33,"column":41}},"loc":{"start":{"line":33,"column":45},"end":{"line":33,"column":52}},"line":33},"2":{"name":"(anonymous_2)","decl":{"start":{"line":52,"column":31},"end":{"line":52,"column":32}},"loc":{"start":{"line":52,"column":63},"end":{"line":59,"column":1}},"line":52},"3":{"name":"(anonymous_3)","decl":{"start":{"line":68,"column":52},"end":{"line":68,"column":53}},"loc":{"start":{"line":68,"column":84},"end":{"line":75,"column":1}},"line":68},"4":{"name":"(anonymous_4)","decl":{"start":{"line":87,"column":54},"end":{"line":87,"column":55}},"loc":{"start":{"line":87,"column":86},"end":{"line":100,"column":1}},"line":87},"5":{"name":"(anonymous_5)","decl":{"start":{"line":91,"column":40},"end":{"line":91,"column":41}},"loc":{"start":{"line":91,"column":45},"end":{"line":91,"column":52}},"line":91},"6":{"name":"(anonymous_6)","decl":{"start":{"line":107,"column":55},"end":{"line":107,"column":56}},"loc":{"start":{"line":107,"column":87},"end":{"line":114,"column":1}},"line":107},"7":{"name":"(anonymous_7)","decl":{"start":{"line":119,"column":63},"end":{"line":119,"column":64}},"loc":{"start":{"line":119,"column":95},"end":{"line":127,"column":1}},"line":119}},"branchMap":{"0":{"loc":{"start":{"line":32,"column":4},"end":{"line":35,"column":5}},"type":"if","locations":[{"start":{"line":32,"column":4},"end":{"line":35,"column":5}},{"start":{},"end":{}}],"line":32},"1":{"loc":{"start":{"line":90,"column":4},"end":{"line":93,"column":5}},"type":"if","locations":[{"start":{"line":90,"column":4},"end":{"line":93,"column":5}},{"start":{},"end":{}}],"line":90}},"s":{"0":5,"1":5,"2":5,"3":5,"4":5,"5":5,"6":5,"7":5,"8":5,"9":5,"10":4,"11":4,"12":4,"13":2,"14":5,"15":2,"16":2,"17":2,"18":2,"19":2,"20":5,"21":2,"22":2,"23":1,"24":1,"25":5,"26":2,"27":2,"28":1,"29":1,"30":5,"31":5,"32":5,"33":5,"34":1,"35":1,"36":1,"37":4,"38":3,"39":2,"40":5,"41":3,"42":3,"43":2,"44":1,"45":5,"46":4,"47":4,"48":4,"49":2,"50":2,"51":5},"f":{"0":4,"1":5,"2":2,"3":2,"4":5,"5":1,"6":3,"7":4},"b":{"0":[2,2],"1":[1,4]},"_coverageSchema":"1a1c01bbd47fc00a2c39e90264f33305004495a9","hash":"46924e99e940fd267de6bc22b6595898e5e58902"}
}
