TN:
SF:app.js
FN:32,(anonymous_0)
FN:37,(anonymous_1)
FNF:2
FNH:2
FNDA:2,(anonymous_0)
FNDA:54,(anonymous_1)
DA:5,5
DA:6,5
DA:8,5
DA:10,5
DA:11,5
DA:12,5
DA:13,5
DA:14,5
DA:16,5
DA:18,5
DA:20,5
DA:21,5
DA:22,5
DA:23,5
DA:25,5
DA:26,5
DA:27,5
DA:28,5
DA:32,5
DA:33,2
DA:37,5
DA:38,54
DA:39,54
DA:40,54
DA:42,54
DA:47,5
LF:26
LH:26
BRDA:38,0,0,1
BRDA:38,0,1,53
BRDA:39,1,0,54
BRDA:39,1,1,3
BRF:4
BRH:4
end_of_record
TN:
SF:config.js
FN:13,getDatabaseUri
FNF:1
FNH:1
FNDA:22,getDatabaseUri
DA:5,11
DA:6,11
DA:8,11
DA:10,11
DA:14,22
DA:22,11
DA:24,11
DA:25,11
DA:26,11
DA:27,11
DA:28,11
DA:29,11
DA:31,11
LF:13
LH:13
BRDA:8,0,0,11
BRDA:8,0,1,10
BRDA:10,1,0,11
BRDA:10,1,1,10
BRDA:14,2,0,19
BRDA:14,2,1,3
BRDA:16,3,0,3
BRDA:16,3,1,1
BRDA:22,4,0,10
BRDA:22,4,1,1
BRF:10
BRH:10
end_of_record
TN:
SF:db.js
FNF:0
FNH:0
DA:3,8
DA:4,8
DA:8,8
DA:9,0
DA:16,8
DA:21,8
DA:23,8
LF:7
LH:6
BRDA:8,0,0,0
BRDA:8,0,1,8
BRF:2
BRH:1
end_of_record
TN:
SF:expressError.js
FN:8,(anonymous_0)
FN:18,(anonymous_1)
FN:26,(anonymous_2)
FN:34,(anonymous_3)
FN:42,(anonymous_4)
FNF:5
FNH:4
FNDA:75,(anonymous_0)
FNDA:23,(anonymous_1)
FNDA:29,(anonymous_2)
FNDA:23,(anonymous_3)
FNDA:0,(anonymous_4)
DA:9,75
DA:10,75
DA:11,75
DA:19,23
DA:27,29
DA:35,23
DA:43,0
DA:47,10
LF:8
LH:7
BRDA:18,0,0,2
BRDA:26,1,0,25
BRDA:34,2,0,0
BRDA:42,3,0,0
BRF:4
BRH:2
end_of_record
TN:
SF:helpers/sql.js
FN:21,sqlForPartialUpdate
FN:26,(anonymous_1)
FNF:2
FNH:2
FNDA:20,sqlForPartialUpdate
FNDA:32,(anonymous_1)
DA:1,9
DA:22,20
DA:23,20
DA:26,17
DA:27,32
DA:30,17
DA:36,9
LF:7
LH:7
BRDA:23,0,0,3
BRDA:23,0,1,17
BRDA:27,1,0,32
BRDA:27,1,1,19
BRF:4
BRH:4
end_of_record
TN:
SF:helpers/tokens.js
FN:6,createToken
FNF:1
FNH:1
FNDA:19,createToken
DA:1,6
DA:2,6
DA:7,19
DA:10,19
DA:15,19
DA:18,6
LF:6
LH:6
BRDA:12,0,0,19
BRDA:12,0,1,13
BRF:2
BRH:2
end_of_record
TN:
SF:middleware/auth.js
FN:17,authenticateJWT
FN:35,ensureLoggedIn
FN:49,ensureIsAdmin
FN:64,ensureIsThisUserOrIsAdmin
FNF:4
FNH:4
FNDA:85,authenticateJWT
FNDA:2,ensureLoggedIn
FNDA:39,ensureIsAdmin
FNDA:26,ensureIsThisUserOrIsAdmin
DA:4,6
DA:5,6
DA:6,6
DA:18,85
DA:19,85
DA:20,85
DA:21,53
DA:22,53
DA:24,84
DA:26,1
DA:36,2
DA:37,2
DA:38,1
DA:40,1
DA:50,39
DA:52,39
DA:53,25
DA:55,14
DA:65,26
DA:66,26
DA:67,16
DA:69,10
DA:73,6
LF:23
LH:23
BRDA:19,0,0,85
BRDA:19,0,1,84
BRDA:20,1,0,53
BRDA:20,1,1,32
BRDA:37,2,0,1
BRDA:37,2,1,1
BRDA:52,3,0,14
BRDA:52,3,1,25
BRDA:52,4,0,39
BRDA:52,4,1,33
BRDA:66,5,0,10
BRDA:66,5,1,16
BRDA:66,6,0,26
BRDA:66,6,1,21
BRDA:66,6,2,17
BRF:15
BRH:15
end_of_record
TN:
SF:models/_testCommon.js
FN:8,commonBeforeAll
FN:42,(anonymous_1)
FN:51,commonBeforeEach
FN:55,commonAfterEach
FN:59,commonAfterAll
FNF:5
FNH:5
FNDA:3,commonBeforeAll
FNDA:12,(anonymous_1)
FNDA:50,commonBeforeEach
FNDA:50,commonAfterEach
FNDA:3,commonAfterAll
DA:1,3
DA:3,3
DA:4,3
DA:6,3
DA:10,3
DA:12,3
DA:14,3
DA:20,3
DA:35,3
DA:42,12
DA:44,3
DA:52,50
DA:56,50
DA:60,3
DA:63,3
LF:15
LH:15
BRF:0
BRH:0
end_of_record
TN:
SF:models/company.js
FN:19,(anonymous_0)
FN:55,(anonymous_1)
FN:107,(anonymous_2)
FN:147,(anonymous_3)
FN:177,(anonymous_4)
FNF:5
FNH:5
FNDA:16,(anonymous_0)
FNDA:16,(anonymous_1)
FNDA:5,(anonymous_2)
FNDA:6,(anonymous_3)
FNDA:4,(anonymous_4)
DA:3,6
DA:4,6
DA:5,6
DA:20,16
DA:26,16
DA:27,1
DA:29,15
DA:42,15
DA:44,15
DA:57,16
DA:63,16
DA:64,16
DA:66,16
DA:67,16
DA:68,2
DA:76,14
DA:77,5
DA:78,5
DA:81,14
DA:82,4
DA:83,4
DA:86,14
DA:87,4
DA:88,4
DA:91,14
DA:92,11
DA:95,14
DA:96,13
DA:108,5
DA:118,5
DA:120,5
DA:123,3
DA:130,3
DA:132,3
DA:148,6
DA:154,5
DA:156,5
DA:164,5
DA:165,5
DA:167,5
DA:169,3
DA:178,4
DA:184,4
DA:186,4
DA:190,6
LF:45
LH:45
BRDA:26,0,0,1
BRDA:26,0,1,15
BRDA:55,1,0,1
BRDA:67,2,0,2
BRDA:67,2,1,14
BRDA:76,3,0,5
BRDA:76,3,1,9
BRDA:81,4,0,4
BRDA:81,4,1,10
BRDA:86,5,0,4
BRDA:86,5,1,10
BRDA:91,6,0,11
BRDA:91,6,1,3
BRDA:120,7,0,2
BRDA:120,7,1,3
BRDA:167,8,0,2
BRDA:167,8,1,3
BRDA:186,9,0,2
BRDA:186,9,1,2
BRF:19
BRH:19
end_of_record
TN:
SF:models/job.js
FN:19,(anonymous_0)
FN:44,(anonymous_1)
FN:87,(anonymous_2)
FN:120,(anonymous_3)
FN:145,(anonymous_4)
FNF:5
FNH:5
FNDA:14,(anonymous_0)
FNDA:7,(anonymous_1)
FNDA:4,(anonymous_2)
FNDA:4,(anonymous_3)
FNDA:4,(anonymous_4)
DA:3,6
DA:4,6
DA:5,6
DA:20,14
DA:33,14
DA:35,14
DA:45,7
DA:53,7
DA:54,7
DA:61,7
DA:62,2
DA:63,2
DA:66,7
DA:67,2
DA:70,7
DA:71,1
DA:72,1
DA:75,7
DA:76,4
DA:79,7
DA:80,6
DA:88,4
DA:97,4
DA:99,4
DA:101,2
DA:110,2
DA:111,2
DA:113,2
DA:121,4
DA:124,3
DA:126,3
DA:134,3
DA:135,3
DA:137,3
DA:139,2
DA:146,4
DA:152,4
DA:154,4
DA:158,6
LF:39
LH:39
BRDA:44,0,0,1
BRDA:61,1,0,2
BRDA:61,1,1,5
BRDA:66,2,0,2
BRDA:66,2,1,5
BRDA:70,3,0,1
BRDA:70,3,1,6
BRDA:75,4,0,4
BRDA:75,4,1,3
BRDA:99,5,0,2
BRDA:99,5,1,2
BRDA:137,6,0,1
BRDA:137,6,1,2
BRDA:154,7,0,2
BRDA:154,7,1,2
BRF:15
BRH:15
end_of_record
TN:
SF:models/user.js
FN:24,(anonymous_0)
FN:59,(anonymous_1)
FN:104,(anonymous_2)
FN:126,(anonymous_3)
FN:148,(anonymous_4)
FN:170,(anonymous_5)
FN:203,(anonymous_6)
FN:224,(anonymous_7)
FNF:8
FNH:8
FNDA:7,(anonymous_0)
FNDA:19,(anonymous_1)
FNDA:3,(anonymous_2)
FNDA:4,(anonymous_3)
FNDA:2,(anonymous_4)
FNDA:8,(anonymous_5)
FNDA:5,(anonymous_6)
FNDA:11,(anonymous_7)
DA:3,6
DA:4,6
DA:5,6
DA:10,6
DA:12,6
DA:26,7
DA:38,7
DA:40,7
DA:42,4
DA:43,4
DA:44,3
DA:45,3
DA:49,4
DA:61,19
DA:68,19
DA:69,1
DA:72,18
DA:74,18
DA:94,18
DA:96,18
DA:105,3
DA:115,2
DA:127,4
DA:138,4
DA:140,4
DA:143,2
DA:148,2
DA:150,2
DA:171,8
DA:172,2
DA:175,8
DA:182,7
DA:184,7
DA:192,7
DA:193,7
DA:195,7
DA:197,5
DA:198,5
DA:204,5
DA:211,5
DA:213,5
DA:225,11
DA:230,11
DA:232,11
DA:234,9
DA:239,9
DA:241,9
DA:243,7
DA:251,6
LF:49
LH:49
BRDA:40,0,0,4
BRDA:40,0,1,3
BRDA:43,1,0,3
BRDA:43,1,1,1
BRDA:68,2,0,1
BRDA:68,2,1,18
BRDA:140,3,0,2
BRDA:140,3,1,2
BRDA:171,4,0,2
BRDA:171,4,1,6
BRDA:195,5,0,2
BRDA:195,5,1,5
BRDA:213,6,0,2
BRDA:213,6,1,3
BRDA:232,7,0,2
BRDA:232,7,1,9
BRDA:241,8,0,2
BRDA:241,8,1,7
BRF:18
BRH:18
end_of_record
TN:
SF:routes/_testCommon.js
FN:10,commonBeforeAll
FN:78,commonBeforeEach
FN:82,commonAfterEach
FN:86,commonAfterAll
FNF:4
FNH:4
FNDA:4,commonBeforeAll
FNDA:80,commonBeforeEach
FNDA:80,commonAfterEach
FNDA:4,commonAfterAll
DA:3,4
DA:4,4
DA:5,4
DA:6,4
DA:7,4
DA:8,4
DA:12,4
DA:14,4
DA:16,4
DA:24,4
DA:32,4
DA:41,4
DA:49,4
DA:57,4
DA:67,4
DA:69,4
DA:71,4
DA:74,4
DA:79,80
DA:83,80
DA:87,4
DA:90,4
DA:91,4
DA:92,4
DA:94,4
LF:25
LH:25
BRF:0
BRH:0
end_of_record
TN:
SF:routes/auth.js
FN:22,(anonymous_0)
FN:26,(anonymous_1)
FN:48,(anonymous_2)
FN:52,(anonymous_3)
FNF:4
FNH:4
FNDA:5,(anonymous_0)
FNDA:2,(anonymous_1)
FNDA:3,(anonymous_2)
FNDA:5,(anonymous_3)
DA:5,5
DA:7,5
DA:8,5
DA:9,5
DA:10,5
DA:11,5
DA:12,5
DA:13,5
DA:22,5
DA:23,5
DA:24,5
DA:25,5
DA:26,2
DA:27,2
DA:30,3
DA:31,3
DA:32,1
DA:33,1
DA:35,4
DA:48,5
DA:49,3
DA:50,3
DA:51,3
DA:52,5
DA:53,2
DA:56,1
DA:57,1
DA:58,1
DA:60,2
DA:64,5
LF:30
LH:30
BRDA:25,0,0,2
BRDA:25,0,1,3
BRDA:51,1,0,2
BRDA:51,1,1,1
BRF:4
BRH:4
end_of_record
TN:
SF:routes/companies.js
FN:27,(anonymous_0)
FN:31,(anonymous_1)
FN:53,(anonymous_2)
FN:84,(anonymous_3)
FN:104,(anonymous_4)
FN:108,(anonymous_5)
FN:124,(anonymous_6)
FNF:7
FNH:7
FNDA:3,(anonymous_0)
FNDA:3,(anonymous_1)
FNDA:7,(anonymous_2)
FNDA:3,(anonymous_3)
FNDA:4,(anonymous_4)
FNDA:2,(anonymous_5)
FNDA:2,(anonymous_6)
DA:5,5
DA:6,5
DA:8,5
DA:9,5
DA:10,5
DA:12,5
DA:13,5
DA:15,5
DA:27,5
DA:28,3
DA:29,3
DA:30,3
DA:31,3
DA:32,2
DA:35,1
DA:36,1
DA:38,2
DA:53,5
DA:59,7
DA:69,7
DA:70,5
DA:72,2
DA:84,5
DA:85,3
DA:86,3
DA:87,2
DA:89,1
DA:104,5
DA:105,4
DA:106,4
DA:107,4
DA:108,2
DA:109,2
DA:112,2
DA:113,1
DA:115,3
DA:124,5
DA:125,2
DA:126,2
DA:127,1
DA:129,1
DA:133,5
LF:42
LH:42
BRDA:30,0,0,2
BRDA:30,0,1,1
BRDA:107,1,0,2
BRDA:107,1,1,2
BRF:4
BRH:4
end_of_record
TN:
SF:routes/jobs.js
FN:25,(anonymous_0)
FN:29,(anonymous_1)
FN:46,(anonymous_2)
FN:57,(anonymous_3)
FN:68,(anonymous_4)
FN:72,(anonymous_5)
FN:86,(anonymous_6)
FNF:7
FNH:7
FNDA:3,(anonymous_0)
FNDA:2,(anonymous_1)
FNDA:2,(anonymous_2)
FNDA:2,(anonymous_3)
FNDA:4,(anonymous_4)
FNDA:6,(anonymous_5)
FNDA:2,(anonymous_6)
DA:9,5
DA:11,5
DA:12,5
DA:13,5
DA:14,5
DA:15,5
DA:16,5
DA:21,5
DA:25,5
DA:26,3
DA:27,3
DA:28,3
DA:29,2
DA:30,2
DA:33,1
DA:34,1
DA:36,2
DA:46,5
DA:47,2
DA:48,2
DA:49,1
DA:51,1
DA:57,5
DA:58,2
DA:59,2
DA:60,1
DA:62,1
DA:68,5
DA:69,4
DA:70,4
DA:71,4
DA:72,6
DA:73,3
DA:75,1
DA:76,1
DA:78,3
DA:86,5
DA:87,2
DA:88,2
DA:89,1
DA:91,1
DA:95,5
LF:42
LH:42
BRDA:28,0,0,2
BRDA:28,0,1,1
BRDA:71,1,0,3
BRDA:71,1,1,1
BRF:4
BRH:4
end_of_record
TN:
SF:routes/users.js
FN:29,(anonymous_0)
FN:33,(anonymous_1)
FN:52,(anonymous_2)
FN:68,(anonymous_3)
FN:87,(anonymous_4)
FN:91,(anonymous_5)
FN:107,(anonymous_6)
FN:119,(anonymous_7)
FNF:8
FNH:8
FNDA:4,(anonymous_0)
FNDA:5,(anonymous_1)
FNDA:2,(anonymous_2)
FNDA:2,(anonymous_3)
FNDA:5,(anonymous_4)
FNDA:1,(anonymous_5)
FNDA:3,(anonymous_6)
FNDA:4,(anonymous_7)
DA:5,5
DA:7,5
DA:8,5
DA:9,5
DA:10,5
DA:11,5
DA:12,5
DA:13,5
DA:15,5
DA:29,5
DA:30,4
DA:31,4
DA:32,4
DA:33,5
DA:34,2
DA:37,2
DA:38,2
DA:39,2
DA:41,2
DA:52,5
DA:53,2
DA:54,2
DA:55,1
DA:57,1
DA:68,5
DA:69,2
DA:70,2
DA:71,1
DA:73,1
DA:87,5
DA:88,5
DA:89,5
DA:90,5
DA:91,1
DA:92,1
DA:95,4
DA:96,3
DA:98,2
DA:107,5
DA:108,3
DA:109,3
DA:110,2
DA:112,1
DA:119,5
DA:120,4
DA:121,4
DA:122,4
DA:123,2
DA:125,2
DA:129,5
LF:50
LH:50
BRDA:32,0,0,2
BRDA:32,0,1,2
BRDA:90,1,0,1
BRDA:90,1,1,4
BRF:4
BRH:4
end_of_record
